<?xml version="1.0" encoding="UTF-8"?>
<!-- Generated by org.testng.reporters.JUnitXMLReporter -->
<testsuite hostname="LAPTOP-89PT9N6I" ignored="0" name="Test" tests="1" failures="1" timestamp="2021-05-22T17:56:41 IST" time="0.84" errors="0">
  <testcase name="testCreateLead" time="0.788" classname="com.testleaf.tests.CreateLeadTest">
    <failure type="org.testng.internal.reflect.MethodMatcherException" message="
[public void com.testleaf.tests.CreateLeadTest.testCreateLead(java.lang.String,java.lang.String,java.lang.String,java.lang.String,java.lang.String,java.lang.String,java.lang.String)] has no parameters defined but was found to be using a data provider (either explicitly specified or inherited from class level annotation).
Data provider mismatch
Method: testCreateLead([Parameter{index=0, type=java.lang.String, declaredAnnotations=[]}, Parameter{index=1, type=java.lang.String, declaredAnnotations=[]}, Parameter{index=2, type=java.lang.String, declaredAnnotations=[]}, Parameter{index=3, type=java.lang.String, declaredAnnotations=[]}, Parameter{index=4, type=java.lang.String, declaredAnnotations=[]}, Parameter{index=5, type=java.lang.String, declaredAnnotations=[]}, Parameter{index=6, type=java.lang.String, declaredAnnotations=[]}])
Arguments: [(java.lang.String) Digital,(java.lang.String) Aditya,(java.lang.String) Ravi,(java.lang.String) 9003746012,(java.lang.String) ravi981957632@gmail.com]">
      <![CDATA[org.testng.internal.reflect.MethodMatcherException: 
[public void com.testleaf.tests.CreateLeadTest.testCreateLead(java.lang.String,java.lang.String,java.lang.String,java.lang.String,java.lang.String,java.lang.String,java.lang.String)] has no parameters defined but was found to be using a data provider (either explicitly specified or inherited from class level annotation).
Data provider mismatch
Method: testCreateLead([Parameter{index=0, type=java.lang.String, declaredAnnotations=[]}, Parameter{index=1, type=java.lang.String, declaredAnnotations=[]}, Parameter{index=2, type=java.lang.String, declaredAnnotations=[]}, Parameter{index=3, type=java.lang.String, declaredAnnotations=[]}, Parameter{index=4, type=java.lang.String, declaredAnnotations=[]}, Parameter{index=5, type=java.lang.String, declaredAnnotations=[]}, Parameter{index=6, type=java.lang.String, declaredAnnotations=[]}])
Arguments: [(java.lang.String) Digital,(java.lang.String) Aditya,(java.lang.String) Ravi,(java.lang.String) 9003746012,(java.lang.String) ravi981957632@gmail.com]
at java.util.ArrayList.forEach(Unknown Source)
... Removed 22 stack frames]]>
    </failure>
  </testcase> <!-- testCreateLead -->
</testsuite> <!-- Test -->
