<?xml version="1.0" encoding="UTF-8"?>
<testng-results skipped="0" failed="0" ignored="0" total="1" passed="1">
  <reporter-output>
  </reporter-output>
  <suite name="Default suite" duration-ms="17314" started-at="2021-05-22T17:59:20 IST" finished-at="2021-05-22T17:59:38 IST">
    <groups>
    </groups>
    <test name="Default test" duration-ms="17314" started-at="2021-05-22T17:59:20 IST" finished-at="2021-05-22T17:59:38 IST">
      <class name="com.testleaf.tests.CreateLeadTest">
        <test-method status="PASS" signature="setTestDataFile()[pri:0, instance:com.testleaf.tests.CreateLeadTest@e720b71]" name="setTestDataFile" is-config="true" duration-ms="13" started-at="2021-05-22T17:59:20 IST" finished-at="2021-05-22T17:59:20 IST">
          <reporter-output>
          </reporter-output>
        </test-method> <!-- setTestDataFile -->
        <test-method status="PASS" signature="setup()[pri:0, instance:com.testleaf.tests.CreateLeadTest@e720b71]" name="setup" is-config="true" duration-ms="4812" started-at="2021-05-22T17:59:21 IST" finished-at="2021-05-22T17:59:26 IST">
          <reporter-output>
          </reporter-output>
        </test-method> <!-- setup -->
        <test-method status="PASS" signature="testCreateLead(java.lang.String, java.lang.String, java.lang.String, java.lang.String, java.lang.String)[pri:0, instance:com.testleaf.tests.CreateLeadTest@e720b71]" name="testCreateLead" duration-ms="11473" started-at="2021-05-22T17:59:26 IST" data-provider="setData" finished-at="2021-05-22T17:59:37 IST">
          <params>
            <param index="0">
              <value>
                <![CDATA[Digital]]>
              </value>
            </param>
            <param index="1">
              <value>
                <![CDATA[Aditya]]>
              </value>
            </param>
            <param index="2">
              <value>
                <![CDATA[Ravi]]>
              </value>
            </param>
            <param index="3">
              <value>
                <![CDATA[9003746012]]>
              </value>
            </param>
            <param index="4">
              <value>
                <![CDATA[ravi981957632@gmail.com]]>
              </value>
            </param>
          </params>
          <reporter-output>
          </reporter-output>
        </test-method> <!-- testCreateLead -->
        <test-method status="PASS" signature="tearDown()[pri:0, instance:com.testleaf.tests.CreateLeadTest@e720b71]" name="tearDown" is-config="true" duration-ms="181" started-at="2021-05-22T17:59:37 IST" finished-at="2021-05-22T17:59:38 IST">
          <reporter-output>
          </reporter-output>
        </test-method> <!-- tearDown -->
      </class> <!-- com.testleaf.tests.CreateLeadTest -->
    </test> <!-- Default test -->
  </suite> <!-- Default suite -->
</testng-results>
